[35m[Appium][39m Welcome to Appium v1.22.3
[35m[Appium][39m Non-default server args:
[35m[Appium][39m   port: 55405
[35m[Appium][39m   loglevel: info
[35m[Appium][39m   tmpDir: C:\Users\user\AppData\Local\Temp\\Katalon\Appium\Temp1668070853268
[35m[Appium][39m   chromedriverPort: 55406
[35m[Appium][39m Deprecated server args:
[35m[Appium][39m   [31m--chromedriver-port[39m => --default-capabilities
[35m[Appium][39m Default capabilities, which will be added to each request unless overridden by desired capabilities:
[35m[Appium][39m   chromedriverPort: 55406
[35m[Appium][39m Appium REST http interface listener started on 0.0.0.0:55405
[35m[HTTP][39m [37m-->[39m [37mGET[39m [37m/wd/hub/status[39m
[35m[HTTP][39m [90m{}[39m
[35m[HTTP][39m [37m<-- GET /wd/hub/status [39m[32m200[39m [90m5 ms - 68[39m
[35m[HTTP][39m [90m[39m
[35m[HTTP][39m [37m-->[39m [37mGET[39m [37m/wd/hub/status[39m
[35m[HTTP][39m [90m{}[39m
[35m[HTTP][39m [37m<-- GET /wd/hub/status [39m[32m200[39m [90m2 ms - 68[39m
[35m[HTTP][39m [90m[39m
[35m[HTTP][39m [37m-->[39m [37mPOST[39m [37m/wd/hub/session[39m
[35m[HTTP][39m [90m{"desiredCapabilities":{"appActivity":".Settings","appPackage":"com.android.settings","newCommandTimeout":1800,"platformVersion":"11","automationName":"uiautomator2","autoGrantPermissions":true,"platformName":"Android","udid":"a819ec3e","deviceName":"OPPO CPH2059 (Android 11)","platform":"ANDROID","systemPort":8278},"capabilities":{"firstMatch":[{"appium:appActivity":".Settings","appium:appPackage":"com.android.settings","appium:autoGrantPermissions":true,"appium:automationName":"uiautomator2","appium:deviceName":"OPPO CPH2059 (Android 11)","appium:newCommandTimeout":1800,"platform":"ANDROID","platformName":"android","appium:platformVersion":"11","appium:systemPort":8278,"appium:udid":"a819ec3e"}]}}[39m
[35m[BaseDriver][39m The following capabilities are not standard capabilities and should have an extension prefix:
[35m[BaseDriver][39m   platform
[35m[BaseDriver][39m   chromedriverPort
[35m[Appium][39m Appium v1.22.3 creating new AndroidUiautomator2Driver (v1.70.1) session
[35m[BaseDriver][39m The following capabilities were provided, but are not recognized by Appium:
[35m[BaseDriver][39m   platform
[35m[BaseDriver][39m Session created with session id: 89ebefcb-a07d-4a3d-810d-40f0f75b15ed
[35m[UiAutomator2][39m Starting 'com.android.settings' directly on the device
[35m[ADB][39m Found 1 'build-tools' folders under 'C:\Users\user\.katalon\tools\android_sdk' (newest first):
[35m[ADB][39m     C:/Users/user/.katalon/tools/android_sdk/build-tools/29.0.3
[35m[ADB][39m Using 'adb.exe' from 'C:\Users\user\.katalon\tools\android_sdk\platform-tools\adb.exe'
[35m[AndroidDriver][39m Retrieving device list
[35m[AndroidDriver][39m Using device: a819ec3e
[35m[ADB][39m Using 'adb.exe' from 'C:\Users\user\.katalon\tools\android_sdk\platform-tools\adb.exe'
[35m[ADB][39m Getting device platform version
[35m[UiAutomator2][39m Relaxing hidden api policy
[35m[AndroidDriver][39m No app sent in, not parsing package/activity
[35m[ADB][39m Using 'apksigner.jar' from 'C:\Users\user\.katalon\tools\android_sdk\build-tools\29.0.3\lib\apksigner.jar'
[35m[ADB][39m 'C:\Users\user\AppData\Roaming\npm\node_modules\appium\node_modules\appium-uiautomator2-server\apks\appium-uiautomator2-server-v4.27.0.apk' is signed with the default certificate
[35m[ADB][39m 'C:\Users\user\AppData\Roaming\npm\node_modules\appium\node_modules\appium-uiautomator2-server\apks\appium-uiautomator2-server-debug-androidTest.apk' is signed with the default certificate
[35m[UiAutomator2][39m Server packages are not going to be (re)installed
[35m[ADB][39m Adding packages ["io.appium.settings","io.appium.uiautomator2.server","io.appium.uiautomator2.server.test"] to Doze whitelist
[35m[UiAutomator2][39m Starting UIAutomator2 server 4.27.0
[35m[UiAutomator2][39m Using UIAutomator2 server from 'C:\Users\user\AppData\Roaming\npm\node_modules\appium\node_modules\appium-uiautomator2-server\apks\appium-uiautomator2-server-v4.27.0.apk' and test from 'C:\Users\user\AppData\Roaming\npm\node_modules\appium\node_modules\appium-uiautomator2-server\apks\appium-uiautomator2-server-debug-androidTest.apk'
[35m[UiAutomator2][39m Waiting up to 30000ms for UiAutomator2 to be online...
[35m[WD Proxy][39m socket hang up
[35m[WD Proxy][39m socket hang up
[35m[WD Proxy][39m socket hang up
[35m[WD Proxy][39m Determined the downstream protocol as 'W3C'
[35m[AndroidDriver][39m Screen already unlocked, doing nothing
[35m[UiAutomator2][39m Starting 'com.android.settings/.Settings and waiting for 'com.android.settings/.Settings'
[35m[Appium][39m New AndroidUiautomator2Driver session created successfully, session 89ebefcb-a07d-4a3d-810d-40f0f75b15ed added to master session list
[35m[HTTP][39m [37m<-- POST /wd/hub/session [39m[32m200[39m [90m11016 ms - 1139[39m
[35m[HTTP][39m [90m[39m
[35m[HTTP][39m [37m-->[39m [37mGET[39m [37m/wd/hub/session/89ebefcb-a07d-4a3d-810d-40f0f75b15ed[39m
[35m[HTTP][39m [90m{}[39m
[35m[HTTP][39m [37m<-- GET /wd/hub/session/89ebefcb-a07d-4a3d-810d-40f0f75b15ed [39m[32m200[39m [90m14 ms - 1093[39m
[35m[HTTP][39m [90m[39m
[35m[HTTP][39m [37m-->[39m [37mGET[39m [37m/wd/hub/session/89ebefcb-a07d-4a3d-810d-40f0f75b15ed[39m
[35m[HTTP][39m [90m{}[39m
[35m[HTTP][39m [37m<-- GET /wd/hub/session/89ebefcb-a07d-4a3d-810d-40f0f75b15ed [39m[32m200[39m [90m10 ms - 1093[39m
[35m[HTTP][39m [90m[39m
[35m[HTTP][39m [37m-->[39m [37mGET[39m [37m/wd/hub/status[39m
[35m[HTTP][39m [90m{}[39m
[35m[HTTP][39m [37m<-- GET /wd/hub/status [39m[32m200[39m [90m1 ms - 68[39m
[35m[HTTP][39m [90m[39m
[35m[HTTP][39m [37m-->[39m [37mPOST[39m [37m/wd/hub/session/89ebefcb-a07d-4a3d-810d-40f0f75b15ed/timeouts[39m
[35m[HTTP][39m [90m{"implicit":60000}[39m
[35m[HTTP][39m [37m<-- POST /wd/hub/session/89ebefcb-a07d-4a3d-810d-40f0f75b15ed/timeouts [39m[32m200[39m [90m3 ms - 14[39m
[35m[HTTP][39m [90m[39m
[35m[HTTP][39m [37m-->[39m [37mGET[39m [37m/wd/hub/session/89ebefcb-a07d-4a3d-810d-40f0f75b15ed/screenshot[39m
[35m[HTTP][39m [90m{}[39m
[35m[HTTP][39m [37m<-- GET /wd/hub/session/89ebefcb-a07d-4a3d-810d-40f0f75b15ed/screenshot [39m[32m200[39m [90m647 ms - 200674[39m
[35m[HTTP][39m [90m[39m
[35m[HTTP][39m [37m-->[39m [37mGET[39m [37m/wd/hub/session/89ebefcb-a07d-4a3d-810d-40f0f75b15ed/window/rect[39m
[35m[HTTP][39m [90m{}[39m
[35m[HTTP][39m [37m<-- GET /wd/hub/session/89ebefcb-a07d-4a3d-810d-40f0f75b15ed/window/rect [39m[32m200[39m [90m16 ms - 50[39m
[35m[HTTP][39m [90m[39m
[35m[HTTP][39m [37m-->[39m [37mGET[39m [37m/wd/hub/session/89ebefcb-a07d-4a3d-810d-40f0f75b15ed/appium/device/system_bars[39m
[35m[HTTP][39m [90m{}[39m
[35m[HTTP][39m [37m<-- GET /wd/hub/session/89ebefcb-a07d-4a3d-810d-40f0f75b15ed/appium/device/system_bars [39m[32m200[39m [90m126 ms - 149[39m
[35m[HTTP][39m [90m[39m
[35m[HTTP][39m [37m-->[39m [37mPOST[39m [37m/wd/hub/session/89ebefcb-a07d-4a3d-810d-40f0f75b15ed/appium/device/activate_app[39m
[35m[HTTP][39m [90m{"bundleId":"com.nextsix.property"}[39m
[35m[HTTP][39m [37m<-- POST /wd/hub/session/89ebefcb-a07d-4a3d-810d-40f0f75b15ed/appium/device/activate_app [39m[32m200[39m [90m695 ms - 14[39m
[35m[HTTP][39m [90m[39m
[35m[HTTP][39m [37m-->[39m [37mGET[39m [37m/wd/hub/session/89ebefcb-a07d-4a3d-810d-40f0f75b15ed/source[39m
[35m[HTTP][39m [90m{}[39m
[35m[W3C (89ebefcb)][39m Driver proxy active, passing request on via HTTP proxy
[35m[WD Proxy][39m Replacing sessionId 4557648f-059e-4760-977c-45f02cf640e4 with 89ebefcb-a07d-4a3d-810d-40f0f75b15ed
[35m[HTTP][39m [37m<-- GET /wd/hub/session/89ebefcb-a07d-4a3d-810d-40f0f75b15ed/source [39m[32m200[39m [90m1157 ms - 52836[39m
[35m[HTTP][39m [90m[39m
[35m[HTTP][39m [37m-->[39m [37mGET[39m [37m/wd/hub/session/89ebefcb-a07d-4a3d-810d-40f0f75b15ed/screenshot[39m
[35m[HTTP][39m [90m{}[39m
[35m[HTTP][39m [37m<-- GET /wd/hub/session/89ebefcb-a07d-4a3d-810d-40f0f75b15ed/screenshot [39m[32m200[39m [90m993 ms - 1037626[39m
[35m[HTTP][39m [90m[39m
[35m[HTTP][39m [37m-->[39m [37mGET[39m [37m/wd/hub/session/89ebefcb-a07d-4a3d-810d-40f0f75b15ed/source[39m
[35m[HTTP][39m [90m{}[39m
[35m[W3C (89ebefcb)][39m Driver proxy active, passing request on via HTTP proxy
[35m[WD Proxy][39m Replacing sessionId 4557648f-059e-4760-977c-45f02cf640e4 with 89ebefcb-a07d-4a3d-810d-40f0f75b15ed
[35m[HTTP][39m [37m<-- GET /wd/hub/session/89ebefcb-a07d-4a3d-810d-40f0f75b15ed/source [39m[32m200[39m [90m236 ms - 16934[39m
[35m[HTTP][39m [90m[39m
[35m[HTTP][39m [37m-->[39m [37mGET[39m [37m/wd/hub/session/89ebefcb-a07d-4a3d-810d-40f0f75b15ed/screenshot[39m
[35m[HTTP][39m [90m{}[39m
[35m[HTTP][39m [37m<-- GET /wd/hub/session/89ebefcb-a07d-4a3d-810d-40f0f75b15ed/screenshot [39m[32m200[39m [90m972 ms - 689520[39m
[35m[HTTP][39m [90m[39m
[35m[HTTP][39m [37m-->[39m [37mGET[39m [37m/wd/hub/session/89ebefcb-a07d-4a3d-810d-40f0f75b15ed/source[39m
[35m[HTTP][39m [90m{}[39m
[35m[W3C (89ebefcb)][39m Driver proxy active, passing request on via HTTP proxy
[35m[WD Proxy][39m Replacing sessionId 4557648f-059e-4760-977c-45f02cf640e4 with 89ebefcb-a07d-4a3d-810d-40f0f75b15ed
[35m[HTTP][39m [37m<-- GET /wd/hub/session/89ebefcb-a07d-4a3d-810d-40f0f75b15ed/source [39m[32m200[39m [90m1721 ms - 55964[39m
[35m[HTTP][39m [90m[39m
[35m[HTTP][39m [37m-->[39m [37mGET[39m [37m/wd/hub/session/89ebefcb-a07d-4a3d-810d-40f0f75b15ed/screenshot[39m
[35m[HTTP][39m [90m{}[39m
[35m[HTTP][39m [37m<-- GET /wd/hub/session/89ebefcb-a07d-4a3d-810d-40f0f75b15ed/screenshot [39m[32m200[39m [90m1308 ms - 1237552[39m
[35m[HTTP][39m [90m[39m
[35m[HTTP][39m [37m-->[39m [37mGET[39m [37m/wd/hub/session/89ebefcb-a07d-4a3d-810d-40f0f75b15ed/source[39m
[35m[HTTP][39m [90m{}[39m
[35m[W3C (89ebefcb)][39m Driver proxy active, passing request on via HTTP proxy
[35m[WD Proxy][39m Replacing sessionId 4557648f-059e-4760-977c-45f02cf640e4 with 89ebefcb-a07d-4a3d-810d-40f0f75b15ed
[35m[HTTP][39m [37m<-- GET /wd/hub/session/89ebefcb-a07d-4a3d-810d-40f0f75b15ed/source [39m[32m200[39m [90m868 ms - 64635[39m
[35m[HTTP][39m [90m[39m
[35m[HTTP][39m [37m-->[39m [37mGET[39m [37m/wd/hub/session/89ebefcb-a07d-4a3d-810d-40f0f75b15ed/screenshot[39m
[35m[HTTP][39m [90m{}[39m
[35m[HTTP][39m [37m<-- GET /wd/hub/session/89ebefcb-a07d-4a3d-810d-40f0f75b15ed/screenshot [39m[32m200[39m [90m1083 ms - 1082620[39m
[35m[HTTP][39m [90m[39m
[35m[HTTP][39m [37m-->[39m [37mPOST[39m [37m/wd/hub/session/89ebefcb-a07d-4a3d-810d-40f0f75b15ed/elements[39m
[35m[HTTP][39m [90m{"using":"xpath","value":"//*[@class = 'android.view.ViewGroup' and (@text = '' or . = '')]"}[39m
[35m[HTTP][39m [37m<-- POST /wd/hub/session/89ebefcb-a07d-4a3d-810d-40f0f75b15ed/elements [39m[32m200[39m [90m1002 ms - 8587[39m
[35m[HTTP][39m [90m[39m
[35m[HTTP][39m [37m-->[39m [37mPOST[39m [37m/wd/hub/session/89ebefcb-a07d-4a3d-810d-40f0f75b15ed/elements[39m
[35m[HTTP][39m [90m{"using":"-android uiautomator","value":"new UiSelector().className(\"android.view.ViewGroup\")"}[39m
[35m[HTTP][39m [37m<-- POST /wd/hub/session/89ebefcb-a07d-4a3d-810d-40f0f75b15ed/elements [39m[32m200[39m [90m5317 ms - 8587[39m
[35m[HTTP][39m [90m[39m
[35m[HTTP][39m [37m-->[39m [37mPOST[39m [37m/wd/hub/session/89ebefcb-a07d-4a3d-810d-40f0f75b15ed/elements[39m
[35m[HTTP][39m [90m{"using":"xpath","value":"//*[@class = 'android.view.ViewGroup' and (@text = '' or . = '')]"}[39m
[35m[HTTP][39m [37m<-- POST /wd/hub/session/89ebefcb-a07d-4a3d-810d-40f0f75b15ed/elements [39m[32m200[39m [90m1501 ms - 8587[39m
[35m[HTTP][39m [90m[39m
[35m[HTTP][39m [37m-->[39m [37mPOST[39m [37m/wd/hub/session/89ebefcb-a07d-4a3d-810d-40f0f75b15ed/elements[39m
[35m[HTTP][39m [90m{"using":"-android uiautomator","value":"new UiSelector().className(\"android.view.ViewGroup\")"}[39m
[35m[HTTP][39m [37m<-- POST /wd/hub/session/89ebefcb-a07d-4a3d-810d-40f0f75b15ed/elements [39m[32m200[39m [90m3677 ms - 8587[39m
[35m[HTTP][39m [90m[39m
[35m[HTTP][39m [37m-->[39m [37mGET[39m [37m/wd/hub/session/89ebefcb-a07d-4a3d-810d-40f0f75b15ed/source[39m
[35m[HTTP][39m [90m{}[39m
[35m[W3C (89ebefcb)][39m Driver proxy active, passing request on via HTTP proxy
[35m[WD Proxy][39m Replacing sessionId 4557648f-059e-4760-977c-45f02cf640e4 with 89ebefcb-a07d-4a3d-810d-40f0f75b15ed
[35m[HTTP][39m [37m<-- GET /wd/hub/session/89ebefcb-a07d-4a3d-810d-40f0f75b15ed/source [39m[32m200[39m [90m1350 ms - 64635[39m
[35m[HTTP][39m [90m[39m
[35m[HTTP][39m [37m-->[39m [37mGET[39m [37m/wd/hub/session/89ebefcb-a07d-4a3d-810d-40f0f75b15ed/screenshot[39m
[35m[HTTP][39m [90m{}[39m
[35m[HTTP][39m [37m<-- GET /wd/hub/session/89ebefcb-a07d-4a3d-810d-40f0f75b15ed/screenshot [39m[32m200[39m [90m1160 ms - 1082476[39m
[35m[HTTP][39m [90m[39m
